1741463270.024136 client started (187935): version 3.5a, socket /tmp/tmux-1000/default, protocol 8
1741463270.024155 on Linux 6.13.5-arch1-1 #1 SMP PREEMPT_DYNAMIC Thu, 27 Feb 2025 18:09:44 +0000
1741463270.024158 using libevent 2.1.12-stable poll
1741463270.024165 using ncurses 6.5 20240427
1741463270.024173 flags are 0x10010000
1741463270.024182 socket is /tmp/tmux-1000/default
1741463270.024189 trying connect
1741463270.024226 add peer 0x64b04e2fee80: 6 ((nil))
1741463270.024398 sending message 111 to peer 0x64b04e2fee80 (8 bytes)
1741463270.024402 sending message 111 to peer 0x64b04e2fee80 (8 bytes)
1741463270.024405 sending message 101 to peer 0x64b04e2fee80 (14 bytes)
1741463270.024406 sending message 109 to peer 0x64b04e2fee80 (4 bytes)
1741463270.024408 sending message 102 to peer 0x64b04e2fee80 (11 bytes)
1741463270.024410 sending message 108 to peer 0x64b04e2fee80 (42 bytes)
1741463270.024412 sending message 112 to peer 0x64b04e2fee80 (70 bytes)
1741463270.024414 sending message 112 to peer 0x64b04e2fee80 (5 bytes)
1741463270.024416 sending message 112 to peer 0x64b04e2fee80 (5 bytes)
1741463270.024418 sending message 112 to peer 0x64b04e2fee80 (6 bytes)
1741463270.024420 sending message 112 to peer 0x64b04e2fee80 (6 bytes)
1741463270.024421 sending message 112 to peer 0x64b04e2fee80 (11 bytes)
1741463270.024423 sending message 112 to peer 0x64b04e2fee80 (10 bytes)
1741463270.024425 sending message 112 to peer 0x64b04e2fee80 (13 bytes)
1741463270.024427 sending message 112 to peer 0x64b04e2fee80 (13 bytes)
1741463270.024429 sending message 112 to peer 0x64b04e2fee80 (18 bytes)
1741463270.024431 sending message 112 to peer 0x64b04e2fee80 (11 bytes)
1741463270.024433 sending message 112 to peer 0x64b04e2fee80 (10 bytes)
1741463270.024434 sending message 112 to peer 0x64b04e2fee80 (15 bytes)
1741463270.024436 sending message 112 to peer 0x64b04e2fee80 (21 bytes)
1741463270.024438 sending message 112 to peer 0x64b04e2fee80 (13 bytes)
1741463270.024440 sending message 112 to peer 0x64b04e2fee80 (7 bytes)
1741463270.024442 sending message 112 to peer 0x64b04e2fee80 (13 bytes)
1741463270.024444 sending message 112 to peer 0x64b04e2fee80 (7 bytes)
1741463270.024446 sending message 112 to peer 0x64b04e2fee80 (13 bytes)
1741463270.024447 sending message 112 to peer 0x64b04e2fee80 (9 bytes)
1741463270.024449 sending message 112 to peer 0x64b04e2fee80 (21 bytes)
1741463270.024451 sending message 112 to peer 0x64b04e2fee80 (13 bytes)
1741463270.024453 sending message 112 to peer 0x64b04e2fee80 (8 bytes)
1741463270.024455 sending message 112 to peer 0x64b04e2fee80 (12 bytes)
1741463270.024457 sending message 112 to peer 0x64b04e2fee80 (13 bytes)
1741463270.024459 sending message 112 to peer 0x64b04e2fee80 (9 bytes)
1741463270.024460 sending message 112 to peer 0x64b04e2fee80 (9 bytes)
1741463270.024462 sending message 112 to peer 0x64b04e2fee80 (12 bytes)
1741463270.024464 sending message 112 to peer 0x64b04e2fee80 (8 bytes)
1741463270.024466 sending message 112 to peer 0x64b04e2fee80 (8 bytes)
1741463270.024468 sending message 112 to peer 0x64b04e2fee80 (7 bytes)
1741463270.024470 sending message 112 to peer 0x64b04e2fee80 (7 bytes)
1741463270.024471 sending message 112 to peer 0x64b04e2fee80 (9 bytes)
1741463270.024473 sending message 112 to peer 0x64b04e2fee80 (13 bytes)
1741463270.024475 sending message 112 to peer 0x64b04e2fee80 (6 bytes)
1741463270.024477 sending message 112 to peer 0x64b04e2fee80 (9 bytes)
1741463270.024479 sending message 112 to peer 0x64b04e2fee80 (15 bytes)
1741463270.024481 sending message 112 to peer 0x64b04e2fee80 (13 bytes)
1741463270.024482 sending message 112 to peer 0x64b04e2fee80 (12 bytes)
1741463270.024484 sending message 112 to peer 0x64b04e2fee80 (8 bytes)
1741463270.024486 sending message 112 to peer 0x64b04e2fee80 (14 bytes)
1741463270.024488 sending message 112 to peer 0x64b04e2fee80 (11 bytes)
1741463270.024490 sending message 112 to peer 0x64b04e2fee80 (9 bytes)
1741463270.024492 sending message 112 to peer 0x64b04e2fee80 (10 bytes)
1741463270.024493 sending message 112 to peer 0x64b04e2fee80 (10 bytes)
1741463270.024500 sending message 112 to peer 0x64b04e2fee80 (10 bytes)
1741463270.024502 sending message 112 to peer 0x64b04e2fee80 (10 bytes)
1741463270.024504 sending message 112 to peer 0x64b04e2fee80 (11 bytes)
1741463270.024505 sending message 112 to peer 0x64b04e2fee80 (12 bytes)
1741463270.024507 sending message 112 to peer 0x64b04e2fee80 (12 bytes)
1741463270.024509 sending message 112 to peer 0x64b04e2fee80 (12 bytes)
1741463270.024511 sending message 112 to peer 0x64b04e2fee80 (12 bytes)
1741463270.024513 sending message 112 to peer 0x64b04e2fee80 (12 bytes)
1741463270.024515 sending message 112 to peer 0x64b04e2fee80 (11 bytes)
1741463270.024516 sending message 112 to peer 0x64b04e2fee80 (11 bytes)
1741463270.024518 sending message 112 to peer 0x64b04e2fee80 (12 bytes)
1741463270.024520 sending message 112 to peer 0x64b04e2fee80 (12 bytes)
1741463270.024522 sending message 112 to peer 0x64b04e2fee80 (12 bytes)
1741463270.024524 sending message 112 to peer 0x64b04e2fee80 (12 bytes)
1741463270.024526 sending message 112 to peer 0x64b04e2fee80 (12 bytes)
1741463270.024527 sending message 112 to peer 0x64b04e2fee80 (10 bytes)
1741463270.024529 sending message 112 to peer 0x64b04e2fee80 (12 bytes)
1741463270.024531 sending message 112 to peer 0x64b04e2fee80 (13 bytes)
1741463270.024533 sending message 112 to peer 0x64b04e2fee80 (13 bytes)
1741463270.024535 sending message 112 to peer 0x64b04e2fee80 (13 bytes)
1741463270.024537 sending message 112 to peer 0x64b04e2fee80 (13 bytes)
1741463270.024539 sending message 112 to peer 0x64b04e2fee80 (13 bytes)
1741463270.024540 sending message 112 to peer 0x64b04e2fee80 (8 bytes)
1741463270.024542 sending message 112 to peer 0x64b04e2fee80 (11 bytes)
1741463270.024544 sending message 112 to peer 0x64b04e2fee80 (11 bytes)
1741463270.024546 sending message 112 to peer 0x64b04e2fee80 (11 bytes)
1741463270.024548 sending message 112 to peer 0x64b04e2fee80 (12 bytes)
1741463270.024550 sending message 112 to peer 0x64b04e2fee80 (12 bytes)
1741463270.024552 sending message 112 to peer 0x64b04e2fee80 (12 bytes)
1741463270.024553 sending message 112 to peer 0x64b04e2fee80 (12 bytes)
1741463270.024555 sending message 112 to peer 0x64b04e2fee80 (13 bytes)
1741463270.024557 sending message 112 to peer 0x64b04e2fee80 (13 bytes)
1741463270.024559 sending message 112 to peer 0x64b04e2fee80 (13 bytes)
1741463270.024561 sending message 112 to peer 0x64b04e2fee80 (8 bytes)
1741463270.024563 sending message 112 to peer 0x64b04e2fee80 (13 bytes)
1741463270.024564 sending message 112 to peer 0x64b04e2fee80 (13 bytes)
1741463270.024566 sending message 112 to peer 0x64b04e2fee80 (13 bytes)
1741463270.024568 sending message 112 to peer 0x64b04e2fee80 (13 bytes)
1741463270.024570 sending message 112 to peer 0x64b04e2fee80 (13 bytes)
1741463270.024572 sending message 112 to peer 0x64b04e2fee80 (12 bytes)
1741463270.024574 sending message 112 to peer 0x64b04e2fee80 (12 bytes)
1741463270.024576 sending message 112 to peer 0x64b04e2fee80 (12 bytes)
1741463270.024577 sending message 112 to peer 0x64b04e2fee80 (12 bytes)
1741463270.024579 sending message 112 to peer 0x64b04e2fee80 (13 bytes)
1741463270.024581 sending message 112 to peer 0x64b04e2fee80 (8 bytes)
1741463270.024583 sending message 112 to peer 0x64b04e2fee80 (13 bytes)
1741463270.024585 sending message 112 to peer 0x64b04e2fee80 (13 bytes)
1741463270.024587 sending message 112 to peer 0x64b04e2fee80 (13 bytes)
1741463270.024588 sending message 112 to peer 0x64b04e2fee80 (13 bytes)
1741463270.024590 sending message 112 to peer 0x64b04e2fee80 (13 bytes)
1741463270.024592 sending message 112 to peer 0x64b04e2fee80 (13 bytes)
1741463270.024594 sending message 112 to peer 0x64b04e2fee80 (13 bytes)
1741463270.024596 sending message 112 to peer 0x64b04e2fee80 (12 bytes)
1741463270.024598 sending message 112 to peer 0x64b04e2fee80 (12 bytes)
1741463270.024599 sending message 112 to peer 0x64b04e2fee80 (12 bytes)
1741463270.024601 sending message 112 to peer 0x64b04e2fee80 (8 bytes)
1741463270.024603 sending message 112 to peer 0x64b04e2fee80 (12 bytes)
1741463270.024608 sending message 112 to peer 0x64b04e2fee80 (13 bytes)
1741463270.024610 sending message 112 to peer 0x64b04e2fee80 (13 bytes)
1741463270.024612 sending message 112 to peer 0x64b04e2fee80 (13 bytes)
1741463270.024614 sending message 112 to peer 0x64b04e2fee80 (13 bytes)
1741463270.024615 sending message 112 to peer 0x64b04e2fee80 (13 bytes)
1741463270.024617 sending message 112 to peer 0x64b04e2fee80 (13 bytes)
1741463270.024619 sending message 112 to peer 0x64b04e2fee80 (13 bytes)
1741463270.024621 sending message 112 to peer 0x64b04e2fee80 (13 bytes)
1741463270.024623 sending message 112 to peer 0x64b04e2fee80 (12 bytes)
1741463270.024625 sending message 112 to peer 0x64b04e2fee80 (10 bytes)
1741463270.024626 sending message 112 to peer 0x64b04e2fee80 (12 bytes)
1741463270.024628 sending message 112 to peer 0x64b04e2fee80 (12 bytes)
1741463270.024630 sending message 112 to peer 0x64b04e2fee80 (12 bytes)
1741463270.024632 sending message 112 to peer 0x64b04e2fee80 (13 bytes)
1741463270.024634 sending message 112 to peer 0x64b04e2fee80 (13 bytes)
1741463270.024636 sending message 112 to peer 0x64b04e2fee80 (13 bytes)
1741463270.024637 sending message 112 to peer 0x64b04e2fee80 (13 bytes)
1741463270.024639 sending message 112 to peer 0x64b04e2fee80 (13 bytes)
1741463270.024641 sending message 112 to peer 0x64b04e2fee80 (13 bytes)
1741463270.024643 sending message 112 to peer 0x64b04e2fee80 (13 bytes)
1741463270.024645 sending message 112 to peer 0x64b04e2fee80 (10 bytes)
1741463270.024647 sending message 112 to peer 0x64b04e2fee80 (13 bytes)
1741463270.024648 sending message 112 to peer 0x64b04e2fee80 (12 bytes)
1741463270.024650 sending message 112 to peer 0x64b04e2fee80 (12 bytes)
1741463270.024652 sending message 112 to peer 0x64b04e2fee80 (12 bytes)
1741463270.024654 sending message 112 to peer 0x64b04e2fee80 (10 bytes)
1741463270.024656 sending message 112 to peer 0x64b04e2fee80 (10 bytes)
1741463270.024658 sending message 112 to peer 0x64b04e2fee80 (10 bytes)
1741463270.024659 sending message 112 to peer 0x64b04e2fee80 (12 bytes)
1741463270.024661 sending message 112 to peer 0x64b04e2fee80 (13 bytes)
1741463270.024663 sending message 112 to peer 0x64b04e2fee80 (13 bytes)
1741463270.024665 sending message 112 to peer 0x64b04e2fee80 (13 bytes)
1741463270.024667 sending message 112 to peer 0x64b04e2fee80 (13 bytes)
1741463270.024669 sending message 112 to peer 0x64b04e2fee80 (13 bytes)
1741463270.024670 sending message 112 to peer 0x64b04e2fee80 (11 bytes)
1741463270.024672 sending message 112 to peer 0x64b04e2fee80 (11 bytes)
1741463270.024674 sending message 112 to peer 0x64b04e2fee80 (12 bytes)
1741463270.024676 sending message 112 to peer 0x64b04e2fee80 (12 bytes)
1741463270.024678 sending message 112 to peer 0x64b04e2fee80 (12 bytes)
1741463270.024680 sending message 112 to peer 0x64b04e2fee80 (12 bytes)
1741463270.024682 sending message 112 to peer 0x64b04e2fee80 (12 bytes)
1741463270.024683 sending message 112 to peer 0x64b04e2fee80 (11 bytes)
1741463270.024685 sending message 112 to peer 0x64b04e2fee80 (12 bytes)
1741463270.024687 sending message 112 to peer 0x64b04e2fee80 (12 bytes)
1741463270.024689 sending message 112 to peer 0x64b04e2fee80 (13 bytes)
1741463270.024691 sending message 112 to peer 0x64b04e2fee80 (13 bytes)
1741463270.024693 sending message 112 to peer 0x64b04e2fee80 (13 bytes)
1741463270.024694 sending message 112 to peer 0x64b04e2fee80 (13 bytes)
1741463270.024696 sending message 112 to peer 0x64b04e2fee80 (13 bytes)
1741463270.024698 sending message 112 to peer 0x64b04e2fee80 (10 bytes)
1741463270.024700 sending message 112 to peer 0x64b04e2fee80 (9 bytes)
1741463270.024702 sending message 112 to peer 0x64b04e2fee80 (12 bytes)
1741463270.024704 sending message 112 to peer 0x64b04e2fee80 (13 bytes)
1741463270.024706 sending message 112 to peer 0x64b04e2fee80 (13 bytes)
1741463270.024707 sending message 112 to peer 0x64b04e2fee80 (13 bytes)
1741463270.024709 sending message 112 to peer 0x64b04e2fee80 (13 bytes)
1741463270.024711 sending message 112 to peer 0x64b04e2fee80 (13 bytes)
1741463270.024716 sending message 112 to peer 0x64b04e2fee80 (9 bytes)
1741463270.024718 sending message 112 to peer 0x64b04e2fee80 (12 bytes)
1741463270.024720 sending message 112 to peer 0x64b04e2fee80 (13 bytes)
1741463270.024721 sending message 112 to peer 0x64b04e2fee80 (13 bytes)
1741463270.024723 sending message 112 to peer 0x64b04e2fee80 (13 bytes)
1741463270.024725 sending message 112 to peer 0x64b04e2fee80 (13 bytes)
1741463270.024727 sending message 112 to peer 0x64b04e2fee80 (13 bytes)
1741463270.024729 sending message 112 to peer 0x64b04e2fee80 (11 bytes)
1741463270.024731 sending message 112 to peer 0x64b04e2fee80 (12 bytes)
1741463270.024732 sending message 112 to peer 0x64b04e2fee80 (13 bytes)
1741463270.024734 sending message 112 to peer 0x64b04e2fee80 (13 bytes)
1741463270.024736 sending message 112 to peer 0x64b04e2fee80 (13 bytes)
1741463270.024738 sending message 112 to peer 0x64b04e2fee80 (13 bytes)
1741463270.024740 sending message 112 to peer 0x64b04e2fee80 (13 bytes)
1741463270.024742 sending message 112 to peer 0x64b04e2fee80 (11 bytes)
1741463270.024743 sending message 112 to peer 0x64b04e2fee80 (12 bytes)
1741463270.024745 sending message 112 to peer 0x64b04e2fee80 (12 bytes)
1741463270.024747 sending message 112 to peer 0x64b04e2fee80 (12 bytes)
1741463270.024749 sending message 112 to peer 0x64b04e2fee80 (12 bytes)
1741463270.024751 sending message 112 to peer 0x64b04e2fee80 (12 bytes)
1741463270.024753 sending message 112 to peer 0x64b04e2fee80 (21 bytes)
1741463270.024755 sending message 112 to peer 0x64b04e2fee80 (12 bytes)
1741463270.024756 sending message 112 to peer 0x64b04e2fee80 (9 bytes)
1741463270.024758 sending message 112 to peer 0x64b04e2fee80 (6 bytes)
1741463270.024760 sending message 112 to peer 0x64b04e2fee80 (13 bytes)
1741463270.024762 sending message 112 to peer 0x64b04e2fee80 (8 bytes)
1741463270.024764 sending message 112 to peer 0x64b04e2fee80 (15 bytes)
1741463270.024766 sending message 112 to peer 0x64b04e2fee80 (13 bytes)
1741463270.024768 sending message 112 to peer 0x64b04e2fee80 (9 bytes)
1741463270.024770 sending message 112 to peer 0x64b04e2fee80 (70 bytes)
1741463270.024772 sending message 112 to peer 0x64b04e2fee80 (69 bytes)
1741463270.024774 sending message 112 to peer 0x64b04e2fee80 (10 bytes)
1741463270.024775 sending message 112 to peer 0x64b04e2fee80 (10 bytes)
1741463270.024777 sending message 112 to peer 0x64b04e2fee80 (8 bytes)
1741463270.024779 sending message 112 to peer 0x64b04e2fee80 (15 bytes)
1741463270.024781 sending message 112 to peer 0x64b04e2fee80 (13 bytes)
1741463270.024783 sending message 112 to peer 0x64b04e2fee80 (10 bytes)
1741463270.024785 sending message 112 to peer 0x64b04e2fee80 (10 bytes)
1741463270.024787 sending message 112 to peer 0x64b04e2fee80 (17 bytes)
1741463270.024789 sending message 112 to peer 0x64b04e2fee80 (10 bytes)
1741463270.024790 sending message 112 to peer 0x64b04e2fee80 (13 bytes)
1741463270.024792 sending message 112 to peer 0x64b04e2fee80 (9 bytes)
1741463270.024794 sending message 112 to peer 0x64b04e2fee80 (5 bytes)
1741463270.024796 sending message 112 to peer 0x64b04e2fee80 (15 bytes)
1741463270.024798 sending message 104 to peer 0x64b04e2fee80 (0 bytes)
1741463270.024800 sending message 110 to peer 0x64b04e2fee80 (0 bytes)
1741463270.024803 sending message 107 to peer 0x64b04e2fee80 (4 bytes)
1741463270.024804 sending message 105 to peer 0x64b04e2fee80 (19 bytes)
1741463270.024806 sending message 105 to peer 0x64b04e2fee80 (20 bytes)
1741463270.024808 sending message 105 to peer 0x64b04e2fee80 (54 bytes)
1741463270.024810 sending message 105 to peer 0x64b04e2fee80 (50 bytes)
1741463270.024812 sending message 105 to peer 0x64b04e2fee80 (23 bytes)
1741463270.024814 sending message 105 to peer 0x64b04e2fee80 (11 bytes)
1741463270.024816 sending message 105 to peer 0x64b04e2fee80 (18 bytes)
1741463270.024818 sending message 105 to peer 0x64b04e2fee80 (23 bytes)
1741463270.024820 sending message 105 to peer 0x64b04e2fee80 (92 bytes)
1741463270.024822 sending message 105 to peer 0x64b04e2fee80 (79 bytes)
1741463270.024826 sending message 105 to peer 0x64b04e2fee80 (20 bytes)
1741463270.024828 sending message 105 to peer 0x64b04e2fee80 (43 bytes)
1741463270.024830 sending message 105 to peer 0x64b04e2fee80 (47 bytes)
1741463270.024832 sending message 105 to peer 0x64b04e2fee80 (23 bytes)
1741463270.024834 sending message 105 to peer 0x64b04e2fee80 (28 bytes)
1741463270.024836 sending message 105 to peer 0x64b04e2fee80 (22 bytes)
1741463270.024838 sending message 105 to peer 0x64b04e2fee80 (21 bytes)
1741463270.024839 sending message 105 to peer 0x64b04e2fee80 (22 bytes)
1741463270.024841 sending message 105 to peer 0x64b04e2fee80 (38 bytes)
1741463270.024843 sending message 105 to peer 0x64b04e2fee80 (16 bytes)
1741463270.024845 sending message 105 to peer 0x64b04e2fee80 (60 bytes)
1741463270.024847 sending message 105 to peer 0x64b04e2fee80 (18 bytes)
1741463270.024849 sending message 105 to peer 0x64b04e2fee80 (17 bytes)
1741463270.024851 sending message 105 to peer 0x64b04e2fee80 (17 bytes)
1741463270.024853 sending message 105 to peer 0x64b04e2fee80 (11 bytes)
1741463270.024855 sending message 105 to peer 0x64b04e2fee80 (10 bytes)
1741463270.024857 sending message 105 to peer 0x64b04e2fee80 (8 bytes)
1741463270.024859 sending message 105 to peer 0x64b04e2fee80 (25 bytes)
1741463270.024860 sending message 105 to peer 0x64b04e2fee80 (17 bytes)
1741463270.024862 sending message 105 to peer 0x64b04e2fee80 (32 bytes)
1741463270.024864 sending message 105 to peer 0x64b04e2fee80 (1905 bytes)
1741463270.024872 sending message 105 to peer 0x64b04e2fee80 (30 bytes)
1741463270.024874 sending message 105 to peer 0x64b04e2fee80 (16 bytes)
1741463270.024876 sending message 105 to peer 0x64b04e2fee80 (139 bytes)
1741463270.024878 sending message 105 to peer 0x64b04e2fee80 (51 bytes)
1741463270.024880 sending message 105 to peer 0x64b04e2fee80 (15 bytes)
1741463270.024882 sending message 105 to peer 0x64b04e2fee80 (53 bytes)
1741463270.024884 sending message 105 to peer 0x64b04e2fee80 (11 bytes)
1741463270.024885 sending message 105 to peer 0x64b04e2fee80 (50 bytes)
1741463270.024887 sending message 105 to peer 0x64b04e2fee80 (415 bytes)
1741463270.024889 sending message 105 to peer 0x64b04e2fee80 (46 bytes)
1741463270.024891 sending message 105 to peer 0x64b04e2fee80 (22 bytes)
1741463270.024893 sending message 105 to peer 0x64b04e2fee80 (30 bytes)
1741463270.024895 sending message 105 to peer 0x64b04e2fee80 (23 bytes)
1741463270.024897 sending message 105 to peer 0x64b04e2fee80 (86 bytes)
1741463270.024899 sending message 105 to peer 0x64b04e2fee80 (19 bytes)
1741463270.024901 sending message 105 to peer 0x64b04e2fee80 (8 bytes)
1741463270.024903 sending message 105 to peer 0x64b04e2fee80 (22 bytes)
1741463270.024905 sending message 105 to peer 0x64b04e2fee80 (19 bytes)
1741463270.024906 sending message 105 to peer 0x64b04e2fee80 (33 bytes)
1741463270.024908 sending message 105 to peer 0x64b04e2fee80 (18 bytes)
1741463270.024910 sending message 105 to peer 0x64b04e2fee80 (26 bytes)
1741463270.024912 sending message 105 to peer 0x64b04e2fee80 (36 bytes)
1741463270.024914 sending message 105 to peer 0x64b04e2fee80 (13 bytes)
1741463270.024916 sending message 105 to peer 0x64b04e2fee80 (62 bytes)
1741463270.024918 sending message 105 to peer 0x64b04e2fee80 (14 bytes)
1741463270.024920 sending message 105 to peer 0x64b04e2fee80 (26 bytes)
1741463270.024922 sending message 105 to peer 0x64b04e2fee80 (39 bytes)
1741463270.024924 sending message 105 to peer 0x64b04e2fee80 (60 bytes)
1741463270.024926 sending message 105 to peer 0x64b04e2fee80 (24 bytes)
1741463270.024927 sending message 105 to peer 0x64b04e2fee80 (123 bytes)
1741463270.024929 sending message 105 to peer 0x64b04e2fee80 (24 bytes)
1741463270.024931 sending message 105 to peer 0x64b04e2fee80 (31 bytes)
1741463270.024933 sending message 105 to peer 0x64b04e2fee80 (15 bytes)
1741463270.024935 sending message 105 to peer 0x64b04e2fee80 (52 bytes)
1741463270.024937 sending message 105 to peer 0x64b04e2fee80 (23 bytes)
1741463270.024939 sending message 105 to peer 0x64b04e2fee80 (24 bytes)
1741463270.024944 sending message 105 to peer 0x64b04e2fee80 (17 bytes)
1741463270.024945 sending message 105 to peer 0x64b04e2fee80 (58 bytes)
1741463270.024947 sending message 105 to peer 0x64b04e2fee80 (25 bytes)
1741463270.024949 sending message 105 to peer 0x64b04e2fee80 (11 bytes)
1741463270.024951 sending message 105 to peer 0x64b04e2fee80 (30 bytes)
1741463270.024953 sending message 105 to peer 0x64b04e2fee80 (16 bytes)
1741463270.024955 sending message 105 to peer 0x64b04e2fee80 (33 bytes)
1741463270.024957 sending message 105 to peer 0x64b04e2fee80 (17 bytes)
1741463270.024959 sending message 106 to peer 0x64b04e2fee80 (0 bytes)
1741463270.024983 sending message 200 to peer 0x64b04e2fee80 (4 bytes)
1741463270.024986 client loop enter
1741463270.025287 peer 0x64b04e2fee80 message 303
1741463270.025293 open write file 2 -
1741463270.025297 sending message 305 to peer 0x64b04e2fee80 (8 bytes)
1741463270.025304 write check file 2
1741463270.025353 peer 0x64b04e2fee80 message 304
1741463270.025357 write 58 to file 2
1741463270.025359 peer 0x64b04e2fee80 message 203
1741463270.025361 file 2 58 bytes left
1741463270.025367 write check file 2
1741463270.025369 client loop exit
